# JRE version: OpenJDK Runtime Environment (17.0.6) (build 17.0.6+0-b2043.56-10027231)
# Java VM: OpenJDK 64-Bit Server VM (17.0.6+0-b2043.56-10027231, mixed mode, tiered, compressed oops, compressed class ptrs, g1 gc, windows-amd64)
GC Precious Log:
 CPUs: 12 total, 12 available
 Memory: 7955M
 Large Page Support: Disabled
 NUMA Support: Disabled
 Compressed Oops: Enabled (32-bit)
 Heap Region Size: 1M
 Heap Min Capacity: 8M
 Heap Initial Capacity: 126M
 Heap Max Capacity: 2G
 Pre-touch: Disabled
 Parallel Workers: 10
 Concurrent Workers: 3
 Concurrent Refinement Workers: 10
 Periodic GC: Disabled
Heap:
 garbage-first heap   total 433152K, used 317844K [0x0000000080000000, 0x0000000100000000)
  region size 1024K, 55 young (56320K), 2 survivors (2048K)
 Metaspace       used 161576K, committed 162688K, reserved 1196032K
  class space    used 22058K, committed 22592K, reserved 1048576K
GC Heap History (20 events):
Event: 33.359 GC heap before
{Heap before GC invocations=63 (full 0):
 garbage-first heap   total 334848K, used 275760K [0x0000000080000000, 0x0000000100000000)
  region size 1024K, 59 young (60416K), 9 survivors (9216K)
 Metaspace       used 136697K, committed 137536K, reserved 1171456K
  class space    used 18062K, committed 18496K, reserved 1048576K
}
Event: 33.365 GC heap after
{Heap after GC invocations=64 (full 0):
 garbage-first heap   total 334848K, used 231783K [0x0000000080000000, 0x0000000100000000)
  region size 1024K, 6 young (6144K), 6 survivors (6144K)
 Metaspace       used 136697K, committed 137536K, reserved 1171456K
  class space    used 18062K, committed 18496K, reserved 1048576K
}
Event: 33.601 GC heap before
{Heap before GC invocations=64 (full 0):
 garbage-first heap   total 334848K, used 278887K [0x0000000080000000, 0x0000000100000000)
  region size 1024K, 53 young (54272K), 6 survivors (6144K)
 Metaspace       used 142524K, committed 143424K, reserved 1179648K
  class space    used 19305K, committed 19776K, reserved 1048576K
}
Event: 33.608 GC heap after
{Heap after GC invocations=65 (full 0):
 garbage-first heap   total 334848K, used 236617K [0x0000000080000000, 0x0000000100000000)
  region size 1024K, 6 young (6144K), 6 survivors (6144K)
 Metaspace       used 142524K, committed 143424K, reserved 1179648K
  class space    used 19305K, committed 19776K, reserved 1048576K
}
Event: 33.880 GC heap before
{Heap before GC invocations=65 (full 0):
 garbage-first heap   total 334848K, used 280649K [0x0000000080000000, 0x0000000100000000)
  region size 1024K, 50 young (51200K), 6 survivors (6144K)
 Metaspace       used 146183K, committed 147136K, reserved 1179648K
  class space    used 20051K, committed 20544K, reserved 1048576K
}
Event: 33.898 GC heap after
{Heap after GC invocations=66 (full 0):
 garbage-first heap   total 334848K, used 242889K [0x0000000080000000, 0x0000000100000000)
  region size 1024K, 7 young (7168K), 7 survivors (7168K)
 Metaspace       used 146183K, committed 147136K, reserved 1179648K
  class space    used 20051K, committed 20544K, reserved 1048576K
}
Event: 33.993 GC heap before
{Heap before GC invocations=66 (full 0):
 garbage-first heap   total 334848K, used 284873K [0x0000000080000000, 0x0000000100000000)
  region size 1024K, 48 young (49152K), 7 survivors (7168K)
 Metaspace       used 147876K, committed 148864K, reserved 1179648K
  class space    used 20412K, committed 20928K, reserved 1048576K
}
Event: 34.000 GC heap after
{Heap after GC invocations=67 (full 0):
 garbage-first heap   total 334848K, used 247436K [0x0000000080000000, 0x0000000100000000)
  region size 1024K, 5 young (5120K), 5 survivors (5120K)
 Metaspace       used 147876K, committed 148864K, reserved 1179648K
  class space    used 20412K, committed 20928K, reserved 1048576K
}
Event: 34.105 GC heap before
{Heap before GC invocations=67 (full 0):
 garbage-first heap   total 334848K, used 285324K [0x0000000080000000, 0x0000000100000000)
  region size 1024K, 43 young (44032K), 5 survivors (5120K)
 Metaspace       used 149010K, committed 149952K, reserved 1179648K
  class space    used 20587K, committed 21056K, reserved 1048576K
}
Event: 34.109 GC heap after
{Heap after GC invocations=68 (full 0):
 garbage-first heap   total 433152K, used 249286K [0x0000000080000000, 0x0000000100000000)
  region size 1024K, 3 young (3072K), 3 survivors (3072K)
 Metaspace       used 149010K, committed 149952K, reserved 1179648K
  class space    used 20587K, committed 21056K, reserved 1048576K
}
Event: 34.442 GC heap before
{Heap before GC invocations=68 (full 0):
 garbage-first heap   total 433152K, used 355782K [0x0000000080000000, 0x0000000100000000)
  region size 1024K, 108 young (110592K), 3 survivors (3072K)
 Metaspace       used 151513K, committed 152512K, reserved 1187840K
  class space    used 21024K, committed 21504K, reserved 1048576K
}
Event: 34.447 GC heap after
{Heap after GC invocations=69 (full 0):
 garbage-first heap   total 433152K, used 251625K [0x0000000080000000, 0x0000000100000000)
  region size 1024K, 5 young (5120K), 5 survivors (5120K)
 Metaspace       used 151513K, committed 152512K, reserved 1187840K
  class space    used 21024K, committed 21504K, reserved 1048576K
}
Event: 35.393 GC heap before
{Heap before GC invocations=69 (full 0):
 garbage-first heap   total 433152K, used 360169K [0x0000000080000000, 0x0000000100000000)
  region size 1024K, 112 young (114688K), 5 survivors (5120K)
 Metaspace       used 154543K, committed 155520K, reserved 1187840K
  class space    used 21450K, committed 21952K, reserved 1048576K
}
Event: 35.399 GC heap after
{Heap after GC invocations=70 (full 0):
 garbage-first heap   total 433152K, used 253502K [0x0000000080000000, 0x0000000100000000)
  region size 1024K, 7 young (7168K), 7 survivors (7168K)
 Metaspace       used 154543K, committed 155520K, reserved 1187840K
  class space    used 21450K, committed 21952K, reserved 1048576K
}
Event: 351.804 GC heap before
{Heap before GC invocations=70 (full 0):
 garbage-first heap   total 433152K, used 392766K [0x0000000080000000, 0x0000000100000000)
  region size 1024K, 115 young (117760K), 7 survivors (7168K)
 Metaspace       used 160565K, committed 161600K, reserved 1196032K
  class space    used 22021K, committed 22528K, reserved 1048576K
}
Event: 351.952 GC heap after
{Heap after GC invocations=71 (full 0):
 garbage-first heap   total 433152K, used 258257K [0x0000000080000000, 0x0000000100000000)
  region size 1024K, 15 young (15360K), 15 survivors (15360K)
 Metaspace       used 160565K, committed 161600K, reserved 1196032K
  class space    used 22021K, committed 22528K, reserved 1048576K
}
Event: 364.742 GC heap before
{Heap before GC invocations=71 (full 0):
 garbage-first heap   total 433152K, used 362705K [0x0000000080000000, 0x0000000100000000)
  region size 1024K, 118 young (120832K), 15 survivors (15360K)
 Metaspace       used 160797K, committed 161856K, reserved 1196032K
  class space    used 22028K, committed 22528K, reserved 1048576K
}
Event: 364.830 GC heap after
{Heap after GC invocations=72 (full 0):
 garbage-first heap   total 433152K, used 269664K [0x0000000080000000, 0x0000000100000000)
  region size 1024K, 12 young (12288K), 12 survivors (12288K)
 Metaspace       used 160797K, committed 161856K, reserved 1196032K
  class space    used 22028K, committed 22528K, reserved 1048576K
}
Event: 420.307 GC heap before
{Heap before GC invocations=72 (full 0):
 garbage-first heap   total 433152K, used 395616K [0x0000000080000000, 0x0000000100000000)
  region size 1024K, 103 young (105472K), 12 survivors (12288K)
 Metaspace       used 161350K, committed 162368K, reserved 1196032K
  class space    used 22042K, committed 22528K, reserved 1048576K
}
Event: 420.323 GC heap after
{Heap after GC invocations=73 (full 0):
 garbage-first heap   total 433152K, used 265620K [0x0000000080000000, 0x0000000100000000)
  region size 1024K, 2 young (2048K), 2 survivors (2048K)
 Metaspace       used 161350K, committed 162368K, reserved 1196032K
  class space    used 22042K, committed 22528K, reserved 1048576K
}

